2020-06-08 20:53:15,963 INFO [root] [__init__.py(<module>:9)] - TEST日志会不会打印！！！
2020-06-08 20:53:16,341 INFO [root] [test_ihrm_employee_params.py(test01_login_success:29)] - 登录接口返回的结果为：{'success': True, 'code': 10000, 'message': '操作成功！', 'data': 'ce1ddf91-3a71-4c65-8f4f-ad5bdf80461d'}
2020-06-08 20:53:16,341 INFO [root] [test_ihrm_employee_params.py(test01_login_success:35)] - 保存到全局变量中的请求头为：{'Content-Type': 'application/json', 'Authorization': 'Bearer ce1ddf91-3a71-4c65-8f4f-ad5bdf80461d'}
2020-06-08 20:53:16,342 INFO [root] [test_ihrm_employee_params.py(test02_add_emp:46)] - app.HEADERS的值为：{'Content-Type': 'application/json', 'Authorization': 'Bearer ce1ddf91-3a71-4c65-8f4f-ad5bdf80461d'}
2020-06-08 20:53:16,468 INFO [root] [test_ihrm_employee_params.py(test02_add_emp:50)] - 添加员工的结果为：{'success': True, 'code': 10000, 'message': '操作成功！', 'data': {'id': '1269975887290302464'}}
2020-06-08 20:53:16,469 INFO [root] [test_ihrm_employee_params.py(test02_add_emp:54)] - 保存到全局变量的员工ID为1269975887290302464
2020-06-08 20:53:16,568 INFO [root] [test_ihrm_employee_params.py(test03_query_emp:65)] - 查询员工的结果为：{'success': True, 'code': 10000, 'message': '操作成功！', 'data': {'id': '1269975887290302464', 'mobile': '13425478889', 'username': '葫芦呼噜11', 'password': '01f000f5f625a8d9ca3b47ddaeed2959', 'enableState': 1, 'createTime': None, 'companyId': '1', 'companyName': '传智播客', 'departmentId': '1063678149528784896', 'timeOfEntry': '2020-06-08T00:00:00.000+0000', 'formOfEmployment': 1, 'workNumber': None, 'formOfManagement': None, 'workingCity': None, 'correctionTime': '2020-05-30T16:00:00.000+0000', 'inServiceStatus': None, 'departmentName': '测试部', 'roleIds': [], 'staffPhoto': None}}
2020-06-08 20:53:16,669 INFO [root] [test_ihrm_employee_params.py(test04_modify_emp:76)] - 修改员工的结果为：{'success': True, 'code': 10000, 'message': '操作成功！', 'data': {'id': '1269975887290302464'}}
2020-06-08 20:53:16,791 INFO [root] [test_ihrm_employee_params.py(test05_delete_emp:87)] - 删除员工的结果为：{'success': True, 'code': 10000, 'message': '操作成功！', 'data': None}
2020-06-08 20:53:41,333 INFO [root] [__init__.py(<module>:9)] - TEST日志会不会打印！！！
2020-06-08 20:53:41,622 INFO [root] [test_ihrm_login_params.py(test01_login:29)] - 登录的结果为：{'success': True, 'code': 10000, 'message': '操作成功！', 'data': '671741aa-02e9-40af-8519-006e5b60a319'}
2020-06-08 20:53:41,715 INFO [root] [test_ihrm_login_params.py(test01_login:29)] - 登录的结果为：{'success': False, 'code': 20001, 'message': '用户名或密码错误', 'data': None}
2020-06-08 20:53:41,798 INFO [root] [test_ihrm_login_params.py(test01_login:29)] - 登录的结果为：{'success': False, 'code': 20001, 'message': '用户名或密码错误', 'data': None}
2020-06-08 20:53:41,903 INFO [root] [test_ihrm_login_params.py(test01_login:29)] - 登录的结果为：{'success': False, 'code': 20001, 'message': '用户名或密码错误', 'data': None}
2020-06-08 20:53:41,992 INFO [root] [test_ihrm_login_params.py(test01_login:29)] - 登录的结果为：{'success': False, 'code': 20001, 'message': '用户名或密码错误', 'data': None}
2020-06-08 20:53:42,082 INFO [root] [test_ihrm_login_params.py(test01_login:29)] - 登录的结果为：{'success': False, 'code': 20001, 'message': '用户名或密码错误', 'data': None}
2020-06-08 20:53:42,189 INFO [root] [test_ihrm_login_params.py(test01_login:29)] - 登录的结果为：{'success': True, 'code': 10000, 'message': '操作成功！', 'data': 'f99b8c91-488b-4502-8c5b-eb86d90e171b'}
2020-06-08 20:53:42,281 INFO [root] [test_ihrm_login_params.py(test01_login:29)] - 登录的结果为：{'success': False, 'code': 20001, 'message': '用户名或密码错误', 'data': None}
2020-06-08 20:53:42,362 INFO [root] [test_ihrm_login_params.py(test01_login:29)] - 登录的结果为：{'success': False, 'code': 20001, 'message': '用户名或密码错误', 'data': None}
2020-06-08 20:53:42,443 INFO [root] [test_ihrm_login_params.py(test01_login:29)] - 登录的结果为：{'success': False, 'code': 20001, 'message': '用户名或密码错误', 'data': None}
2020-06-08 20:53:42,531 INFO [root] [test_ihrm_login_params.py(test01_login:29)] - 登录的结果为：{'success': False, 'code': 99999, 'message': '抱歉，系统繁忙，请稍后重试！', 'data': None}
2020-06-08 20:53:42,634 INFO [root] [test_ihrm_employee_params.py(test01_login_success:29)] - 登录接口返回的结果为：{'success': True, 'code': 10000, 'message': '操作成功！', 'data': '5f9904a1-06a5-404d-af0f-e00ea0dfed07'}
2020-06-08 20:53:42,635 INFO [root] [test_ihrm_employee_params.py(test01_login_success:35)] - 保存到全局变量中的请求头为：{'Content-Type': 'application/json', 'Authorization': 'Bearer 5f9904a1-06a5-404d-af0f-e00ea0dfed07'}
2020-06-08 20:53:42,635 INFO [root] [test_ihrm_employee_params.py(test02_add_emp:46)] - app.HEADERS的值为：{'Content-Type': 'application/json', 'Authorization': 'Bearer 5f9904a1-06a5-404d-af0f-e00ea0dfed07'}
2020-06-08 20:53:42,735 INFO [root] [test_ihrm_employee_params.py(test02_add_emp:50)] - 添加员工的结果为：{'success': True, 'code': 10000, 'message': '操作成功！', 'data': {'id': '1269975997499834368'}}
2020-06-08 20:53:42,735 INFO [root] [test_ihrm_employee_params.py(test02_add_emp:54)] - 保存到全局变量的员工ID为1269975997499834368
2020-06-08 20:53:42,831 INFO [root] [test_ihrm_employee_params.py(test03_query_emp:65)] - 查询员工的结果为：{'success': True, 'code': 10000, 'message': '操作成功！', 'data': {'id': '1269975997499834368', 'mobile': '13425478889', 'username': '葫芦呼噜11', 'password': '01f000f5f625a8d9ca3b47ddaeed2959', 'enableState': 1, 'createTime': None, 'companyId': '1', 'companyName': '传智播客', 'departmentId': '1063678149528784896', 'timeOfEntry': '2020-06-08T00:00:00.000+0000', 'formOfEmployment': 1, 'workNumber': None, 'formOfManagement': None, 'workingCity': None, 'correctionTime': '2020-05-30T16:00:00.000+0000', 'inServiceStatus': None, 'departmentName': '测试部', 'roleIds': [], 'staffPhoto': None}}
2020-06-08 20:53:42,932 INFO [root] [test_ihrm_employee_params.py(test04_modify_emp:76)] - 修改员工的结果为：{'success': True, 'code': 10000, 'message': '操作成功！', 'data': {'id': '1269975997499834368'}}
2020-06-08 20:53:43,043 INFO [root] [test_ihrm_employee_params.py(test05_delete_emp:87)] - 删除员工的结果为：{'success': True, 'code': 10000, 'message': '操作成功！', 'data': None}
